[ye-yingcai@webserver2 ~]$ tail -f /usr/local/webserver/project_tomcat/dianlan/tomcat/logs/catalina.out
        at org.apache.catalina.tribes.group.interceptors.TcpFailureDetector.messageReceived(TcpFailureDetector.java:110)
        at org.apache.catalina.tribes.group.ChannelInterceptorBase.messageReceived(ChannelInterceptorBase.java:79)
        at org.apache.catalina.tribes.group.ChannelInterceptorBase.messageReceived(ChannelInterceptorBase.java:79)
        at org.apache.catalina.tribes.group.ChannelCoordinator.messageReceived(ChannelCoordinator.java:241)
        at org.apache.catalina.tribes.transport.ReceiverBase.messageDataReceived(ReceiverBase.java:225)
        at org.apache.catalina.tribes.transport.nio.NioReplicationTask.drainChannel(NioReplicationTask.java:188)
        at org.apache.catalina.tribes.transport.nio.NioReplicationTask.run(NioReplicationTask.java:91)
        at java.util.concurrent.ThreadPoolExecutor$Worker.runTask(ThreadPoolExecutor.java:886)
        at java.util.concurrent.ThreadPoolExecutor$Worker.run(ThreadPoolExecutor.java:908)
        at java.lang.Thread.run(Thread.java:619)
2012-08-14 12:37:04 [lzk] ERROR [http-8080-1] com.opensymphony.xwork2.interceptor.ExceptionMappingInterceptor (error:38) - 数据库异常，无法进行当前操作。
com.col.sesame.common.exception.BusinessException: 数据库异常，无法进行当前操作。
        at com.col.sesame.productlib.biz.ShopCD01DetailManager.getLz007006(ShopCD01DetailManager.java:262)
        at com.col.sesame.productlib.biz.ShopCD01DetailManager.detail(ShopCD01DetailManager.java:90)
        at com.col.sesame.productlib.biz.ShopCD01DetailManager$$FastClassByCGLIB$$d29e980c.invoke(<generated>)
        at net.sf.cglib.proxy.MethodProxy.invoke(MethodProxy.java:149)
        at org.springframework.aop.framework.Cglib2AopProxy$CglibMethodInvocation.invokeJoinpoint(Cglib2AopProxy.java:688)
        at org.springframework.aop.framework.ReflectiveMethodInvocation.proceed(ReflectiveMethodInvocation.java:150)
        at org.springframework.transaction.interceptor.TransactionInterceptor.invoke(TransactionInterceptor.java:110)
        at org.springframework.aop.framework.ReflectiveMethodInvocation.proceed(ReflectiveMethodInvocation.java:172)
        at org.springframework.aop.framework.Cglib2AopProxy$DynamicAdvisedInterceptor.intercept(Cglib2AopProxy.java:621)
        at com.col.sesame.productlib.biz.ShopCD01DetailManager$$EnhancerByCGLIB$$91d7a6e1.detail(<generated>)
        at com.col.sesame.productlib.action.ShopCD01DetailAction.execute(ShopCD01DetailAction.java:41)
        at sun.reflect.NativeMethodAccessorImpl.invoke0(Native Method)
        at sun.reflect.NativeMethodAccessorImpl.invoke(NativeMethodAccessorImpl.java:39)
        at sun.reflect.DelegatingMethodAccessorImpl.invoke(DelegatingMethodAccessorImpl.java:25)
        at java.lang.reflect.Method.invoke(Method.java:597)
        at com.opensymphony.xwork2.DefaultActionInvocation.invokeAction(DefaultActionInvocation.java:452)
        at com.opensymphony.xwork2.DefaultActionInvocation.invokeActionOnly(DefaultActionInvocation.java:291)
        at com.opensymphony.xwork2.DefaultActionInvocation.invoke(DefaultActionInvocation.java:254)
        at com.col.sesame.shop.biz.DomainInterceptor.intercept(DomainInterceptor.java:55)
        at com.opensymphony.xwork2.DefaultActionInvocation.invoke(DefaultActionInvocation.java:248)
        at com.opensymphony.xwork2.interceptor.DefaultWorkflowInterceptor.doIntercept(DefaultWorkflowInterceptor.java:176)
        at com.opensymphony.xwork2.interceptor.MethodFilterInterceptor.intercept(MethodFilterInterceptor.java:98)
        at com.opensymphony.xwork2.DefaultActionInvocation.invoke(DefaultActionInvocation.java:248)
        at com.opensymphony.xwork2.validator.ValidationInterceptor.doIntercept(ValidationInterceptor.java:263)
        at org.apache.struts2.interceptor.validation.AnnotationValidationInterceptor.doIntercept(AnnotationValidationInterceptor.java:68)
        at com.opensymphony.xwork2.interceptor.MethodFilterInterceptor.intercept(MethodFilterInterceptor.java:98)
        at com.opensymphony.xwork2.DefaultActionInvocation.invoke(DefaultActionInvocation.java:248)
        at com.opensymphony.xwork2.interceptor.ConversionErrorInterceptor.intercept(ConversionErrorInterceptor.java:133)
        at com.opensymphony.xwork2.DefaultActionInvocation.invoke(DefaultActionInvocation.java:248)
        at com.opensymphony.xwork2.interceptor.ParametersInterceptor.doIntercept(ParametersInterceptor.java:207)
        at com.opensymphony.xwork2.interceptor.MethodFilterInterceptor.intercept(MethodFilterInterceptor.java:98)
        at com.opensymphony.xwork2.DefaultActionInvocation.invoke(DefaultActionInvocation.java:248)
        at com.opensymphony.xwork2.interceptor.ParametersInterceptor.doIntercept(ParametersInterceptor.java:207)
        at com.opensymphony.xwork2.interceptor.MethodFilterInterceptor.intercept(MethodFilterInterceptor.java:98)
        at com.opensymphony.xwork2.DefaultActionInvocation.invoke(DefaultActionInvocation.java:248)
        at com.opensymphony.xwork2.interceptor.StaticParametersInterceptor.intercept(StaticParametersInterceptor.java:190)
        at com.opensymphony.xwork2.DefaultActionInvocation.invoke(DefaultActionInvocation.java:248)
        at org.apache.struts2.interceptor.MultiselectInterceptor.intercept(MultiselectInterceptor.java:75)
        at com.opensymphony.xwork2.DefaultActionInvocation.invoke(DefaultActionInvocation.java:248)
        at org.apache.struts2.interceptor.CheckboxInterceptor.intercept(CheckboxInterceptor.java:94)
        at com.opensymphony.xwork2.DefaultActionInvocation.invoke(DefaultActionInvocation.java:248)
        at org.apache.struts2.interceptor.FileUploadInterceptor.intercept(FileUploadInterceptor.java:243)
        at com.opensymphony.xwork2.DefaultActionInvocation.invoke(DefaultActionInvocation.java:248)
        at com.opensymphony.xwork2.interceptor.ModelDrivenInterceptor.intercept(ModelDrivenInterceptor.java:100)
        at com.opensymphony.xwork2.DefaultActionInvocation.invoke(DefaultActionInvocation.java:248)
        at com.opensymphony.xwork2.interceptor.ScopedModelDrivenInterceptor.intercept(ScopedModelDrivenInterceptor.java:141)
        at com.opensymphony.xwork2.DefaultActionInvocation.invoke(DefaultActionInvocation.java:248)
        at org.apache.struts2.interceptor.debugging.DebuggingInterceptor.intercept(DebuggingInterceptor.java:267)
        at com.opensymphony.xwork2.DefaultActionInvocation.invoke(DefaultActionInvocation.java:248)
        at com.opensymphony.xwork2.interceptor.ChainingInterceptor.intercept(ChainingInterceptor.java:142)
        at com.opensymphony.xwork2.DefaultActionInvocation.invoke(DefaultActionInvocation.java:248)
        at com.opensymphony.xwork2.interceptor.PrepareInterceptor.doIntercept(PrepareInterceptor.java:166)
        at com.opensymphony.xwork2.interceptor.MethodFilterInterceptor.intercept(MethodFilterInterceptor.java:98)
        at com.opensymphony.xwork2.DefaultActionInvocation.invoke(DefaultActionInvocation.java:248)
        at com.opensymphony.xwork2.interceptor.I18nInterceptor.intercept(I18nInterceptor.java:176)
        at com.opensymphony.xwork2.DefaultActionInvocation.invoke(DefaultActionInvocation.java:248)
        at org.apache.struts2.interceptor.ServletConfigInterceptor.intercept(ServletConfigInterceptor.java:164)
        at com.opensymphony.xwork2.DefaultActionInvocation.invoke(DefaultActionInvocation.java:248)
        at com.opensymphony.xwork2.interceptor.AliasInterceptor.intercept(AliasInterceptor.java:190)
        at com.opensymphony.xwork2.DefaultActionInvocation.invoke(DefaultActionInvocation.java:248)
        at com.opensymphony.xwork2.interceptor.ExceptionMappingInterceptor.intercept(ExceptionMappingInterceptor.java:187)
        at com.opensymphony.xwork2.DefaultActionInvocation.invoke(DefaultActionInvocation.java:248)
        at org.apache.struts2.impl.StrutsActionProxy.execute(StrutsActionProxy.java:52)
        at org.apache.struts2.dispatcher.Dispatcher.serviceAction(Dispatcher.java:485)
        at org.apache.struts2.dispatcher.FilterDispatcher.doFilter(FilterDispatcher.java:395)
        at org.apache.catalina.core.ApplicationFilterChain.internalDoFilter(ApplicationFilterChain.java:235)
        at org.apache.catalina.core.ApplicationFilterChain.doFilter(ApplicationFilterChain.java:206)
        at org.apache.catalina.core.ApplicationDispatcher.invoke(ApplicationDispatcher.java:646)
        at org.apache.catalina.core.ApplicationDispatcher.processRequest(ApplicationDispatcher.java:436)
        at org.apache.catalina.core.ApplicationDispatcher.doForward(ApplicationDispatcher.java:374)
        at org.apache.catalina.core.ApplicationDispatcher.forward(ApplicationDispatcher.java:302)
        at org.tuckey.web.filters.urlrewrite.NormalRewrittenUrl.doRewrite(NormalRewrittenUrl.java:213)
        at org.tuckey.web.filters.urlrewrite.RuleChain.handleRewrite(RuleChain.java:171)
        at org.tuckey.web.filters.urlrewrite.RuleChain.doRules(RuleChain.java:145)
        at org.tuckey.web.filters.urlrewrite.UrlRewriter.processRequest(UrlRewriter.java:92)
        at org.tuckey.web.filters.urlrewrite.UrlRewriteFilter.doFilter(UrlRewriteFilter.java:381)
        at org.apache.catalina.core.ApplicationFilterChain.internalDoFilter(ApplicationFilterChain.java:235)
        at org.apache.catalina.core.ApplicationFilterChain.doFilter(ApplicationFilterChain.java:206)
        at org.apache.catalina.core.StandardWrapperValve.invoke(StandardWrapperValve.java:233)
        at org.apache.catalina.core.StandardContextValve.invoke(StandardContextValve.java:191)
        at org.apache.catalina.core.StandardHostValve.invoke(StandardHostValve.java:127)
        at org.apache.catalina.valves.ErrorReportValve.invoke(ErrorReportValve.java:102)
        at org.apache.catalina.valves.AccessLogValve.invoke(AccessLogValve.java:554)
        at org.apache.catalina.core.StandardEngineValve.invoke(StandardEngineValve.java:109)
        at org.apache.catalina.ha.tcp.ReplicationValve.invoke(ReplicationValve.java:347)
        at org.three3s.valves.CrossSubdomainSessionValve.invoke(CrossSubdomainSessionValve.java:85)
        at org.apache.catalina.connector.CoyoteAdapter.service(CoyoteAdapter.java:298)
        at org.apache.coyote.http11.Http11Processor.process(Http11Processor.java:859)
        at org.apache.coyote.http11.Http11Protocol$Http11ConnectionHandler.process(Http11Protocol.java:588)
        at org.apache.tomcat.util.net.JIoEndpoint$Worker.run(JIoEndpoint.java:489)
        at java.lang.Thread.run(Thread.java:619)
resultCode1
resultMsg请求成功
timestamp1344919077
2012-08-14 12:37:26 [lzk] ERROR [http-8080-7] com.opensymphony.xwork2.interceptor.ExceptionMappingInterceptor (error:38) - 数据库异常，无法进行当前操作。
com.col.sesame.common.exception.BusinessException: 数据库异常，无法进行当前操作。
        at com.col.sesame.productlib.biz.ShopCD01DetailManager.getLz007006(ShopCD01DetailManager.java:262)
        at com.col.sesame.productlib.biz.ShopCD01DetailManager.detail(ShopCD01DetailManager.java:90)
        at com.col.sesame.productlib.biz.ShopCD01DetailManager$$FastClassByCGLIB$$d29e980c.invoke(<generated>)
        at net.sf.cglib.proxy.MethodProxy.invoke(MethodProxy.java:149)
        at org.springframework.aop.framework.Cglib2AopProxy$CglibMethodInvocation.invokeJoinpoint(Cglib2AopProxy.java:688)
        at org.springframework.aop.framework.ReflectiveMethodInvocation.proceed(ReflectiveMethodInvocation.java:150)
        at org.springframework.transaction.interceptor.TransactionInterceptor.invoke(TransactionInterceptor.java:110)
        at org.springframework.aop.framework.ReflectiveMethodInvocation.proceed(ReflectiveMethodInvocation.java:172)
        at org.springframework.aop.framework.Cglib2AopProxy$DynamicAdvisedInterceptor.intercept(Cglib2AopProxy.java:621)
        at com.col.sesame.productlib.biz.ShopCD01DetailManager$$EnhancerByCGLIB$$91d7a6e1.detail(<generated>)
        at com.col.sesame.productlib.action.ShopCD01DetailAction.execute(ShopCD01DetailAction.java:41)
        at sun.reflect.NativeMethodAccessorImpl.invoke0(Native Method)
        at sun.reflect.NativeMethodAccessorImpl.invoke(NativeMethodAccessorImpl.java:39)
        at sun.reflect.DelegatingMethodAccessorImpl.invoke(DelegatingMethodAccessorImpl.java:25)
        at java.lang.reflect.Method.invoke(Method.java:597)
        at com.opensymphony.xwork2.DefaultActionInvocation.invokeAction(DefaultActionInvocation.java:452)
        at com.opensymphony.xwork2.DefaultActionInvocation.invokeActionOnly(DefaultActionInvocation.java:291)
        at com.opensymphony.xwork2.DefaultActionInvocation.invoke(DefaultActionInvocation.java:254)
        at com.col.sesame.shop.biz.DomainInterceptor.intercept(DomainInterceptor.java:55)
        at com.opensymphony.xwork2.DefaultActionInvocation.invoke(DefaultActionInvocation.java:248)
        at com.opensymphony.xwork2.interceptor.DefaultWorkflowInterceptor.doIntercept(DefaultWorkflowInterceptor.java:176)
        at com.opensymphony.xwork2.interceptor.MethodFilterInterceptor.intercept(MethodFilterInterceptor.java:98)
        at com.opensymphony.xwork2.DefaultActionInvocation.invoke(DefaultActionInvocation.java:248)
        at com.opensymphony.xwork2.validator.ValidationInterceptor.doIntercept(ValidationInterceptor.java:263)
        at org.apache.struts2.interceptor.validation.AnnotationValidationInterceptor.doIntercept(AnnotationValidationInterceptor.java:68)
        at com.opensymphony.xwork2.interceptor.MethodFilterInterceptor.intercept(MethodFilterInterceptor.java:98)
        at com.opensymphony.xwork2.DefaultActionInvocation.invoke(DefaultActionInvocation.java:248)
        at com.opensymphony.xwork2.interceptor.ConversionErrorInterceptor.intercept(ConversionErrorInterceptor.java:133)
        at com.opensymphony.xwork2.DefaultActionInvocation.invoke(DefaultActionInvocation.java:248)
        at com.opensymphony.xwork2.interceptor.ParametersInterceptor.doIntercept(ParametersInterceptor.java:207)
        at com.opensymphony.xwork2.interceptor.MethodFilterInterceptor.intercept(MethodFilterInterceptor.java:98)
        at com.opensymphony.xwork2.DefaultActionInvocation.invoke(DefaultActionInvocation.java:248)
        at com.opensymphony.xwork2.interceptor.ParametersInterceptor.doIntercept(ParametersInterceptor.java:207)
        at com.opensymphony.xwork2.interceptor.MethodFilterInterceptor.intercept(MethodFilterInterceptor.java:98)
        at com.opensymphony.xwork2.DefaultActionInvocation.invoke(DefaultActionInvocation.java:248)
        at com.opensymphony.xwork2.interceptor.StaticParametersInterceptor.intercept(StaticParametersInterceptor.java:190)
        at com.opensymphony.xwork2.DefaultActionInvocation.invoke(DefaultActionInvocation.java:248)
        at org.apache.struts2.interceptor.MultiselectInterceptor.intercept(MultiselectInterceptor.java:75)
        at com.opensymphony.xwork2.DefaultActionInvocation.invoke(DefaultActionInvocation.java:248)
        at org.apache.struts2.interceptor.CheckboxInterceptor.intercept(CheckboxInterceptor.java:94)
        at com.opensymphony.xwork2.DefaultActionInvocation.invoke(DefaultActionInvocation.java:248)
        at org.apache.struts2.interceptor.FileUploadInterceptor.intercept(FileUploadInterceptor.java:243)
        at com.opensymphony.xwork2.DefaultActionInvocation.invoke(DefaultActionInvocation.java:248)
        at com.opensymphony.xwork2.interceptor.ModelDrivenInterceptor.intercept(ModelDrivenInterceptor.java:100)
        at com.opensymphony.xwork2.DefaultActionInvocation.invoke(DefaultActionInvocation.java:248)
        at com.opensymphony.xwork2.interceptor.ScopedModelDrivenInterceptor.intercept(ScopedModelDrivenInterceptor.java:141)
        at com.opensymphony.xwork2.DefaultActionInvocation.invoke(DefaultActionInvocation.java:248)
        at org.apache.struts2.interceptor.debugging.DebuggingInterceptor.intercept(DebuggingInterceptor.java:267)
        at com.opensymphony.xwork2.DefaultActionInvocation.invoke(DefaultActionInvocation.java:248)
        at com.opensymphony.xwork2.interceptor.ChainingInterceptor.intercept(ChainingInterceptor.java:142)
        at com.opensymphony.xwork2.DefaultActionInvocation.invoke(DefaultActionInvocation.java:248)
        at com.opensymphony.xwork2.interceptor.PrepareInterceptor.doIntercept(PrepareInterceptor.java:166)
        at com.opensymphony.xwork2.interceptor.MethodFilterInterceptor.intercept(MethodFilterInterceptor.java:98)
        at com.opensymphony.xwork2.DefaultActionInvocation.invoke(DefaultActionInvocation.java:248)
        at com.opensymphony.xwork2.interceptor.I18nInterceptor.intercept(I18nInterceptor.java:176)
        at com.opensymphony.xwork2.DefaultActionInvocation.invoke(DefaultActionInvocation.java:248)
        at org.apache.struts2.interceptor.ServletConfigInterceptor.intercept(ServletConfigInterceptor.java:164)
        at com.opensymphony.xwork2.DefaultActionInvocation.invoke(DefaultActionInvocation.java:248)
        at com.opensymphony.xwork2.interceptor.AliasInterceptor.intercept(AliasInterceptor.java:190)
        at com.opensymphony.xwork2.DefaultActionInvocation.invoke(DefaultActionInvocation.java:248)
        at com.opensymphony.xwork2.interceptor.ExceptionMappingInterceptor.intercept(ExceptionMappingInterceptor.java:187)
        at com.opensymphony.xwork2.DefaultActionInvocation.invoke(DefaultActionInvocation.java:248)
        at org.apache.struts2.impl.StrutsActionProxy.execute(StrutsActionProxy.java:52)
        at org.apache.struts2.dispatcher.Dispatcher.serviceAction(Dispatcher.java:485)
        at org.apache.struts2.dispatcher.FilterDispatcher.doFilter(FilterDispatcher.java:395)
        at org.apache.catalina.core.ApplicationFilterChain.internalDoFilter(ApplicationFilterChain.java:235)
        at org.apache.catalina.core.ApplicationFilterChain.doFilter(ApplicationFilterChain.java:206)
        at org.apache.catalina.core.ApplicationDispatcher.invoke(ApplicationDispatcher.java:646)
        at org.apache.catalina.core.ApplicationDispatcher.processRequest(ApplicationDispatcher.java:436)
        at org.apache.catalina.core.ApplicationDispatcher.doForward(ApplicationDispatcher.java:374)
        at org.apache.catalina.core.ApplicationDispatcher.forward(ApplicationDispatcher.java:302)
        at org.tuckey.web.filters.urlrewrite.NormalRewrittenUrl.doRewrite(NormalRewrittenUrl.java:213)
        at org.tuckey.web.filters.urlrewrite.RuleChain.handleRewrite(RuleChain.java:171)
        at org.tuckey.web.filters.urlrewrite.RuleChain.doRules(RuleChain.java:145)
        at org.tuckey.web.filters.urlrewrite.UrlRewriter.processRequest(UrlRewriter.java:92)
        at org.tuckey.web.filters.urlrewrite.UrlRewriteFilter.doFilter(UrlRewriteFilter.java:381)
        at org.apache.catalina.core.ApplicationFilterChain.internalDoFilter(ApplicationFilterChain.java:235)
        at org.apache.catalina.core.ApplicationFilterChain.doFilter(ApplicationFilterChain.java:206)
        at org.apache.catalina.core.StandardWrapperValve.invoke(StandardWrapperValve.java:233)
        at org.apache.catalina.core.StandardContextValve.invoke(StandardContextValve.java:191)
        at org.apache.catalina.core.StandardHostValve.invoke(StandardHostValve.java:127)
        at org.apache.catalina.valves.ErrorReportValve.invoke(ErrorReportValve.java:102)
        at org.apache.catalina.valves.AccessLogValve.invoke(AccessLogValve.java:554)
        at org.apache.catalina.core.StandardEngineValve.invoke(StandardEngineValve.java:109)
        at org.apache.catalina.ha.tcp.ReplicationValve.invoke(ReplicationValve.java:347)
        at org.three3s.valves.CrossSubdomainSessionValve.invoke(CrossSubdomainSessionValve.java:85)
        at org.apache.catalina.connector.CoyoteAdapter.service(CoyoteAdapter.java:298)
        at org.apache.coyote.http11.Http11Processor.process(Http11Processor.java:859)
        at org.apache.coyote.http11.Http11Protocol$Http11ConnectionHandler.process(Http11Protocol.java:588)
        at org.apache.tomcat.util.net.JIoEndpoint$Worker.run(JIoEndpoint.java:489)
        at java.lang.Thread.run(Thread.java:619)
2012-08-14 12:37:31 [lzk] ERROR [http-8080-1] com.opensymphony.xwork2.interceptor.ExceptionMappingInterceptor (error:38) - Index: 0, Size: 0
java.lang.IndexOutOfBoundsException: Index: 0, Size: 0
        at java.util.ArrayList.RangeCheck(ArrayList.java:547)
        at java.util.ArrayList.get(ArrayList.java:322)
        at com.col.sesame.shop.biz.ShopM01ListManager.list(ShopM01ListManager.java:65)
        at com.col.sesame.shop.biz.ShopM01ListManager$$FastClassByCGLIB$$9a3db18f.invoke(<generated>)
        at net.sf.cglib.proxy.MethodProxy.invoke(MethodProxy.java:149)
        at org.springframework.aop.framework.Cglib2AopProxy$CglibMethodInvocation.invokeJoinpoint(Cglib2AopProxy.java:688)
        at org.springframework.aop.framework.ReflectiveMethodInvocation.proceed(ReflectiveMethodInvocation.java:150)
        at org.springframework.transaction.interceptor.TransactionInterceptor.invoke(TransactionInterceptor.java:110)
        at org.springframework.aop.framework.ReflectiveMethodInvocation.proceed(ReflectiveMethodInvocation.java:172)
        at org.springframework.aop.framework.Cglib2AopProxy$DynamicAdvisedInterceptor.intercept(Cglib2AopProxy.java:621)
        at com.col.sesame.shop.biz.ShopM01ListManager$$EnhancerByCGLIB$$b7ee2c42.list(<generated>)
        at com.col.sesame.shop.action.ShopM01ListAction.execute(ShopM01ListAction.java:40)
        at sun.reflect.NativeMethodAccessorImpl.invoke0(Native Method)
        at sun.reflect.NativeMethodAccessorImpl.invoke(NativeMethodAccessorImpl.java:39)
        at sun.reflect.DelegatingMethodAccessorImpl.invoke(DelegatingMethodAccessorImpl.java:25)
        at java.lang.reflect.Method.invoke(Method.java:597)
        at com.opensymphony.xwork2.DefaultActionInvocation.invokeAction(DefaultActionInvocation.java:452)
        at com.opensymphony.xwork2.DefaultActionInvocation.invokeActionOnly(DefaultActionInvocation.java:291)
        at com.opensymphony.xwork2.DefaultActionInvocation.invoke(DefaultActionInvocation.java:254)
        at com.col.sesame.shop.biz.DomainInterceptor.intercept(DomainInterceptor.java:55)
        at com.opensymphony.xwork2.DefaultActionInvocation.invoke(DefaultActionInvocation.java:248)
        at com.opensymphony.xwork2.interceptor.DefaultWorkflowInterceptor.doIntercept(DefaultWorkflowInterceptor.java:176)
        at com.opensymphony.xwork2.interceptor.MethodFilterInterceptor.intercept(MethodFilterInterceptor.java:98)
        at com.opensymphony.xwork2.DefaultActionInvocation.invoke(DefaultActionInvocation.java:248)
        at com.opensymphony.xwork2.validator.ValidationInterceptor.doIntercept(ValidationInterceptor.java:263)
        at org.apache.struts2.interceptor.validation.AnnotationValidationInterceptor.doIntercept(AnnotationValidationInterceptor.java:68)
        at com.opensymphony.xwork2.interceptor.MethodFilterInterceptor.intercept(MethodFilterInterceptor.java:98)
        at com.opensymphony.xwork2.DefaultActionInvocation.invoke(DefaultActionInvocation.java:248)
        at com.opensymphony.xwork2.interceptor.ConversionErrorInterceptor.intercept(ConversionErrorInterceptor.java:133)
        at com.opensymphony.xwork2.DefaultActionInvocation.invoke(DefaultActionInvocation.java:248)
        at com.opensymphony.xwork2.interceptor.ParametersInterceptor.doIntercept(ParametersInterceptor.java:207)
        at com.opensymphony.xwork2.interceptor.MethodFilterInterceptor.intercept(MethodFilterInterceptor.java:98)
        at com.opensymphony.xwork2.DefaultActionInvocation.invoke(DefaultActionInvocation.java:248)
        at com.opensymphony.xwork2.interceptor.ParametersInterceptor.doIntercept(ParametersInterceptor.java:207)
        at com.opensymphony.xwork2.interceptor.MethodFilterInterceptor.intercept(MethodFilterInterceptor.java:98)
        at com.opensymphony.xwork2.DefaultActionInvocation.invoke(DefaultActionInvocation.java:248)
        at com.opensymphony.xwork2.interceptor.StaticParametersInterceptor.intercept(StaticParametersInterceptor.java:190)
        at com.opensymphony.xwork2.DefaultActionInvocation.invoke(DefaultActionInvocation.java:248)
        at org.apache.struts2.interceptor.MultiselectInterceptor.intercept(MultiselectInterceptor.java:75)
        at com.opensymphony.xwork2.DefaultActionInvocation.invoke(DefaultActionInvocation.java:248)
        at org.apache.struts2.interceptor.CheckboxInterceptor.intercept(CheckboxInterceptor.java:94)
        at com.opensymphony.xwork2.DefaultActionInvocation.invoke(DefaultActionInvocation.java:248)
        at org.apache.struts2.interceptor.FileUploadInterceptor.intercept(FileUploadInterceptor.java:243)
        at com.opensymphony.xwork2.DefaultActionInvocation.invoke(DefaultActionInvocation.java:248)
        at com.opensymphony.xwork2.interceptor.ModelDrivenInterceptor.intercept(ModelDrivenInterceptor.java:100)
        at com.opensymphony.xwork2.DefaultActionInvocation.invoke(DefaultActionInvocation.java:248)
        at com.opensymphony.xwork2.interceptor.ScopedModelDrivenInterceptor.intercept(ScopedModelDrivenInterceptor.java:141)
        at com.opensymphony.xwork2.DefaultActionInvocation.invoke(DefaultActionInvocation.java:248)
        at org.apache.struts2.interceptor.debugging.DebuggingInterceptor.intercept(DebuggingInterceptor.java:267)
        at com.opensymphony.xwork2.DefaultActionInvocation.invoke(DefaultActionInvocation.java:248)
        at com.opensymphony.xwork2.interceptor.ChainingInterceptor.intercept(ChainingInterceptor.java:142)
        at com.opensymphony.xwork2.DefaultActionInvocation.invoke(DefaultActionInvocation.java:248)
        at com.opensymphony.xwork2.interceptor.PrepareInterceptor.doIntercept(PrepareInterceptor.java:166)
        at com.opensymphony.xwork2.interceptor.MethodFilterInterceptor.intercept(MethodFilterInterceptor.java:98)
        at com.opensymphony.xwork2.DefaultActionInvocation.invoke(DefaultActionInvocation.java:248)
        at com.opensymphony.xwork2.interceptor.I18nInterceptor.intercept(I18nInterceptor.java:176)
        at com.opensymphony.xwork2.DefaultActionInvocation.invoke(DefaultActionInvocation.java:248)
        at org.apache.struts2.interceptor.ServletConfigInterceptor.intercept(ServletConfigInterceptor.java:164)
        at com.opensymphony.xwork2.DefaultActionInvocation.invoke(DefaultActionInvocation.java:248)
        at com.opensymphony.xwork2.interceptor.AliasInterceptor.intercept(AliasInterceptor.java:190)
        at com.opensymphony.xwork2.DefaultActionInvocation.invoke(DefaultActionInvocation.java:248)
        at com.opensymphony.xwork2.interceptor.ExceptionMappingInterceptor.intercept(ExceptionMappingInterceptor.java:187)
        at com.opensymphony.xwork2.DefaultActionInvocation.invoke(DefaultActionInvocation.java:248)
        at org.apache.struts2.impl.StrutsActionProxy.execute(StrutsActionProxy.java:52)
        at org.apache.struts2.dispatcher.Dispatcher.serviceAction(Dispatcher.java:485)
        at org.apache.struts2.dispatcher.FilterDispatcher.doFilter(FilterDispatcher.java:395)
        at org.apache.catalina.core.ApplicationFilterChain.internalDoFilter(ApplicationFilterChain.java:235)
        at org.apache.catalina.core.ApplicationFilterChain.doFilter(ApplicationFilterChain.java:206)
        at org.apache.catalina.core.ApplicationDispatcher.invoke(ApplicationDispatcher.java:646)
        at org.apache.catalina.core.ApplicationDispatcher.processRequest(ApplicationDispatcher.java:436)
        at org.apache.catalina.core.ApplicationDispatcher.doForward(ApplicationDispatcher.java:374)
        at org.apache.catalina.core.ApplicationDispatcher.forward(ApplicationDispatcher.java:302)
        at org.tuckey.web.filters.urlrewrite.NormalRewrittenUrl.doRewrite(NormalRewrittenUrl.java:213)
        at org.tuckey.web.filters.urlrewrite.RuleChain.handleRewrite(RuleChain.java:171)
        at org.tuckey.web.filters.urlrewrite.RuleChain.doRules(RuleChain.java:145)
        at org.tuckey.web.filters.urlrewrite.UrlRewriter.processRequest(UrlRewriter.java:92)
        at org.tuckey.web.filters.urlrewrite.UrlRewriteFilter.doFilter(UrlRewriteFilter.java:381)
        at org.apache.catalina.core.ApplicationFilterChain.internalDoFilter(ApplicationFilterChain.java:235)
        at org.apache.catalina.core.ApplicationFilterChain.doFilter(ApplicationFilterChain.java:206)
        at org.apache.catalina.core.StandardWrapperValve.invoke(StandardWrapperValve.java:233)
        at org.apache.catalina.core.StandardContextValve.invoke(StandardContextValve.java:191)
        at org.apache.catalina.core.StandardHostValve.invoke(StandardHostValve.java:127)
        at org.apache.catalina.valves.ErrorReportValve.invoke(ErrorReportValve.java:102)
        at org.apache.catalina.valves.AccessLogValve.invoke(AccessLogValve.java:554)
        at org.apache.catalina.core.StandardEngineValve.invoke(StandardEngineValve.java:109)
        at org.apache.catalina.ha.tcp.ReplicationValve.invoke(ReplicationValve.java:347)
        at org.three3s.valves.CrossSubdomainSessionValve.invoke(CrossSubdomainSessionValve.java:85)
        at org.apache.catalina.connector.CoyoteAdapter.service(CoyoteAdapter.java:298)
        at org.apache.coyote.http11.Http11Processor.process(Http11Processor.java:859)
        at org.apache.coyote.http11.Http11Protocol$Http11ConnectionHandler.process(Http11Protocol.java:588)
        at org.apache.tomcat.util.net.JIoEndpoint$Worker.run(JIoEndpoint.java:489)
        at java.lang.Thread.run(Thread.java:619)
2012-08-14 12:37:36 [lzk] ERROR [http-8080-7] com.opensymphony.xwork2.interceptor.ExceptionMappingInterceptor (error:38) - Index: 0, Size: 0
java.lang.IndexOutOfBoundsException: Index: 0, Size: 0
        at java.util.ArrayList.RangeCheck(ArrayList.java:547)
        at java.util.ArrayList.get(ArrayList.java:322)
        at com.col.sesame.shop.biz.ShopHomepageManager.getTtx(ShopHomepageManager.java:509)
        at com.col.sesame.shop.biz.ShopHomepageManager.list(ShopHomepageManager.java:103)
        at com.col.sesame.shop.biz.ShopHomepageManager$$FastClassByCGLIB$$c151531.invoke(<generated>)
        at net.sf.cglib.proxy.MethodProxy.invoke(MethodProxy.java:149)
        at org.springframework.aop.framework.Cglib2AopProxy$CglibMethodInvocation.invokeJoinpoint(Cglib2AopProxy.java:688)
        at org.springframework.aop.framework.ReflectiveMethodInvocation.proceed(ReflectiveMethodInvocation.java:150)
        at org.springframework.transaction.interceptor.TransactionInterceptor.invoke(TransactionInterceptor.java:110)
        at org.springframework.aop.framework.ReflectiveMethodInvocation.proceed(ReflectiveMethodInvocation.java:172)
        at org.springframework.aop.framework.Cglib2AopProxy$DynamicAdvisedInterceptor.intercept(Cglib2AopProxy.java:621)
        at com.col.sesame.shop.biz.ShopHomepageManager$$EnhancerByCGLIB$$dfcee4b8.list(<generated>)
        at com.col.sesame.shop.action.ShopHomepageAction.execute(ShopHomepageAction.java:43)
        at sun.reflect.GeneratedMethodAccessor8398.invoke(Unknown Source)
        at sun.reflect.DelegatingMethodAccessorImpl.invoke(DelegatingMethodAccessorImpl.java:25)
        at java.lang.reflect.Method.invoke(Method.java:597)
        at com.opensymphony.xwork2.DefaultActionInvocation.invokeAction(DefaultActionInvocation.java:452)
        at com.opensymphony.xwork2.DefaultActionInvocation.invokeActionOnly(DefaultActionInvocation.java:291)
        at com.opensymphony.xwork2.DefaultActionInvocation.invoke(DefaultActionInvocation.java:254)
        at com.col.sesame.shop.biz.DomainInterceptor.intercept(DomainInterceptor.java:55)
        at com.opensymphony.xwork2.DefaultActionInvocation.invoke(DefaultActionInvocation.java:248)
        at com.opensymphony.xwork2.interceptor.DefaultWorkflowInterceptor.doIntercept(DefaultWorkflowInterceptor.java:176)
        at com.opensymphony.xwork2.interceptor.MethodFilterInterceptor.intercept(MethodFilterInterceptor.java:98)
        at com.opensymphony.xwork2.DefaultActionInvocation.invoke(DefaultActionInvocation.java:248)
        at com.opensymphony.xwork2.validator.ValidationInterceptor.doIntercept(ValidationInterceptor.java:263)
        at org.apache.struts2.interceptor.validation.AnnotationValidationInterceptor.doIntercept(AnnotationValidationInterceptor.java:68)
        at com.opensymphony.xwork2.interceptor.MethodFilterInterceptor.intercept(MethodFilterInterceptor.java:98)
        at com.opensymphony.xwork2.DefaultActionInvocation.invoke(DefaultActionInvocation.java:248)
        at com.opensymphony.xwork2.interceptor.ConversionErrorInterceptor.intercept(ConversionErrorInterceptor.java:133)
        at com.opensymphony.xwork2.DefaultActionInvocation.invoke(DefaultActionInvocation.java:248)
        at com.opensymphony.xwork2.interceptor.ParametersInterceptor.doIntercept(ParametersInterceptor.java:207)
        at com.opensymphony.xwork2.interceptor.MethodFilterInterceptor.intercept(MethodFilterInterceptor.java:98)
        at com.opensymphony.xwork2.DefaultActionInvocation.invoke(DefaultActionInvocation.java:248)
        at com.opensymphony.xwork2.interceptor.ParametersInterceptor.doIntercept(ParametersInterceptor.java:207)
        at com.opensymphony.xwork2.interceptor.MethodFilterInterceptor.intercept(MethodFilterInterceptor.java:98)
        at com.opensymphony.xwork2.DefaultActionInvocation.invoke(DefaultActionInvocation.java:248)
        at com.opensymphony.xwork2.interceptor.StaticParametersInterceptor.intercept(StaticParametersInterceptor.java:190)
        at com.opensymphony.xwork2.DefaultActionInvocation.invoke(DefaultActionInvocation.java:248)
        at org.apache.struts2.interceptor.MultiselectInterceptor.intercept(MultiselectInterceptor.java:75)
        at com.opensymphony.xwork2.DefaultActionInvocation.invoke(DefaultActionInvocation.java:248)
        at org.apache.struts2.interceptor.CheckboxInterceptor.intercept(CheckboxInterceptor.java:94)
        at com.opensymphony.xwork2.DefaultActionInvocation.invoke(DefaultActionInvocation.java:248)
        at org.apache.struts2.interceptor.FileUploadInterceptor.intercept(FileUploadInterceptor.java:243)
        at com.opensymphony.xwork2.DefaultActionInvocation.invoke(DefaultActionInvocation.java:248)
        at com.opensymphony.xwork2.interceptor.ModelDrivenInterceptor.intercept(ModelDrivenInterceptor.java:100)
        at com.opensymphony.xwork2.DefaultActionInvocation.invoke(DefaultActionInvocation.java:248)
        at com.opensymphony.xwork2.interceptor.ScopedModelDrivenInterceptor.intercept(ScopedModelDrivenInterceptor.java:141)
        at com.opensymphony.xwork2.DefaultActionInvocation.invoke(DefaultActionInvocation.java:248)
        at org.apache.struts2.interceptor.debugging.DebuggingInterceptor.intercept(DebuggingInterceptor.java:267)
        at com.opensymphony.xwork2.DefaultActionInvocation.invoke(DefaultActionInvocation.java:248)
        at com.opensymphony.xwork2.interceptor.ChainingInterceptor.intercept(ChainingInterceptor.java:142)
        at com.opensymphony.xwork2.DefaultActionInvocation.invoke(DefaultActionInvocation.java:248)
        at com.opensymphony.xwork2.interceptor.PrepareInterceptor.doIntercept(PrepareInterceptor.java:166)
        at com.opensymphony.xwork2.interceptor.MethodFilterInterceptor.intercept(MethodFilterInterceptor.java:98)
        at com.opensymphony.xwork2.DefaultActionInvocation.invoke(DefaultActionInvocation.java:248)
        at com.opensymphony.xwork2.interceptor.I18nInterceptor.intercept(I18nInterceptor.java:176)
        at com.opensymphony.xwork2.DefaultActionInvocation.invoke(DefaultActionInvocation.java:248)
        at org.apache.struts2.interceptor.ServletConfigInterceptor.intercept(ServletConfigInterceptor.java:164)
        at com.opensymphony.xwork2.DefaultActionInvocation.invoke(DefaultActionInvocation.java:248)
        at com.opensymphony.xwork2.interceptor.AliasInterceptor.intercept(AliasInterceptor.java:190)
        at com.opensymphony.xwork2.DefaultActionInvocation.invoke(DefaultActionInvocation.java:248)
        at com.opensymphony.xwork2.interceptor.ExceptionMappingInterceptor.intercept(ExceptionMappingInterceptor.java:187)
        at com.opensymphony.xwork2.DefaultActionInvocation.invoke(DefaultActionInvocation.java:248)
        at org.apache.struts2.impl.StrutsActionProxy.execute(StrutsActionProxy.java:52)
        at org.apache.struts2.dispatcher.Dispatcher.serviceAction(Dispatcher.java:485)
        at org.apache.struts2.dispatcher.FilterDispatcher.doFilter(FilterDispatcher.java:395)
        at org.apache.catalina.core.ApplicationFilterChain.internalDoFilter(ApplicationFilterChain.java:235)
        at org.apache.catalina.core.ApplicationFilterChain.doFilter(ApplicationFilterChain.java:206)
        at org.apache.catalina.core.ApplicationDispatcher.invoke(ApplicationDispatcher.java:646)
        at org.apache.catalina.core.ApplicationDispatcher.processRequest(ApplicationDispatcher.java:436)
        at org.apache.catalina.core.ApplicationDispatcher.doForward(ApplicationDispatcher.java:374)
        at org.apache.catalina.core.ApplicationDispatcher.forward(ApplicationDispatcher.java:302)
        at org.tuckey.web.filters.urlrewrite.NormalRewrittenUrl.doRewrite(NormalRewrittenUrl.java:213)
        at org.tuckey.web.filters.urlrewrite.RuleChain.handleRewrite(RuleChain.java:171)
        at org.tuckey.web.filters.urlrewrite.RuleChain.doRules(RuleChain.java:145)
        at org.tuckey.web.filters.urlrewrite.UrlRewriter.processRequest(UrlRewriter.java:92)
        at org.tuckey.web.filters.urlrewrite.UrlRewriteFilter.doFilter(UrlRewriteFilter.java:381)
        at org.apache.catalina.core.ApplicationFilterChain.internalDoFilter(ApplicationFilterChain.java:235)
        at org.apache.catalina.core.ApplicationFilterChain.doFilter(ApplicationFilterChain.java:206)
        at org.apache.catalina.core.StandardWrapperValve.invoke(StandardWrapperValve.java:233)
        at org.apache.catalina.core.StandardContextValve.invoke(StandardContextValve.java:191)
        at org.apache.catalina.core.StandardHostValve.invoke(StandardHostValve.java:127)
        at org.apache.catalina.valves.ErrorReportValve.invoke(ErrorReportValve.java:102)
        at org.apache.catalina.valves.AccessLogValve.invoke(AccessLogValve.java:554)
        at org.apache.catalina.core.StandardEngineValve.invoke(StandardEngineValve.java:109)
        at org.apache.catalina.ha.tcp.ReplicationValve.invoke(ReplicationValve.java:347)
        at org.three3s.valves.CrossSubdomainSessionValve.invoke(CrossSubdomainSessionValve.java:85)
        at org.apache.catalina.connector.CoyoteAdapter.service(CoyoteAdapter.java:298)
        at org.apache.coyote.http11.Http11Processor.process(Http11Processor.java:859)
        at org.apache.coyote.http11.Http11Protocol$Http11ConnectionHandler.process(Http11Protocol.java:588)
        at org.apache.tomcat.util.net.JIoEndpoint$Worker.run(JIoEndpoint.java:489)
        at java.lang.Thread.run(Thread.java:619)
